[2024-07-10 13:59:35,470] {taskinstance.py:1159} INFO - Dependencies all met for <TaskInstance: create_layers_in_snowflake.create_seeds manual__2024-07-10T13:59:35.111534+00:00 [queued]>
[2024-07-10 13:59:35,482] {taskinstance.py:1159} INFO - Dependencies all met for <TaskInstance: create_layers_in_snowflake.create_seeds manual__2024-07-10T13:59:35.111534+00:00 [queued]>
[2024-07-10 13:59:35,482] {taskinstance.py:1356} INFO - 
--------------------------------------------------------------------------------
[2024-07-10 13:59:35,483] {taskinstance.py:1357} INFO - Starting attempt 1 of 1
[2024-07-10 13:59:35,483] {taskinstance.py:1358} INFO - 
--------------------------------------------------------------------------------
[2024-07-10 13:59:35,498] {taskinstance.py:1377} INFO - Executing <Task(DockerOperator): create_seeds> on 2024-07-10 13:59:35.111534+00:00
[2024-07-10 13:59:35,503] {standard_task_runner.py:52} INFO - Started process 942 to run task
[2024-07-10 13:59:35,506] {standard_task_runner.py:79} INFO - Running: ['***', 'tasks', 'run', 'create_layers_in_snowflake', 'create_seeds', 'manual__2024-07-10T13:59:35.111534+00:00', '--job-id', '16', '--raw', '--subdir', 'DAGS_FOLDER/create_layers.py', '--cfg-path', '/tmp/tmp8f2mart2', '--error-file', '/tmp/tmpqjl_i3od']
[2024-07-10 13:59:35,507] {standard_task_runner.py:80} INFO - Job 16: Subtask create_seeds
[2024-07-10 13:59:35,567] {task_command.py:369} INFO - Running <TaskInstance: create_layers_in_snowflake.create_seeds manual__2024-07-10T13:59:35.111534+00:00 [running]> on host bc9f9d1e47b7
[2024-07-10 13:59:35,644] {taskinstance.py:1571} INFO - Exporting the following env vars:
AIRFLOW_CTX_DAG_OWNER=***
AIRFLOW_CTX_DAG_ID=create_layers_in_snowflake
AIRFLOW_CTX_TASK_ID=create_seeds
AIRFLOW_CTX_EXECUTION_DATE=2024-07-10T13:59:35.111534+00:00
AIRFLOW_CTX_TRY_NUMBER=1
AIRFLOW_CTX_DAG_RUN_ID=manual__2024-07-10T13:59:35.111534+00:00
[2024-07-10 13:59:35,669] {docker.py:247} INFO - Starting docker container from image custom_dbt_image
[2024-07-10 13:59:35,777] {docker.py:308} INFO - 1 1 cd dbtlearn
[2024-07-10 13:59:37,387] {docker.py:308} INFO - [0m13:59:37  Running with dbt=1.5.0
[2024-07-10 13:59:37,388] {docker.py:308} INFO - [0m13:59:37  dbt version: 1.5.0
[2024-07-10 13:59:37,388] {docker.py:308} INFO - [0m13:59:37  python version: 3.7.3
[2024-07-10 13:59:37,389] {docker.py:308} INFO - [0m13:59:37  python path: /usr/bin/python3
[2024-07-10 13:59:37,389] {docker.py:308} INFO - [0m13:59:37  os info: Linux-6.6.31-linuxkit-x86_64-with-debian-10.13
[2024-07-10 13:59:37,389] {docker.py:308} INFO - [0m13:59:37  Using profiles.yml file at /root/.dbt/profiles.yml
[2024-07-10 13:59:37,390] {docker.py:308} INFO - [0m13:59:37  Using dbt_project.yml file at /usr/app/dbt_project.yml
[2024-07-10 13:59:37,390] {docker.py:308} INFO - [0m13:59:37  Configuration:
[2024-07-10 13:59:37,391] {docker.py:308} INFO - [0m13:59:37    profiles.yml file [[31mERROR not found[0m]
[2024-07-10 13:59:37,391] {docker.py:308} INFO - [0m13:59:37    dbt_project.yml file [[31mERROR not found[0m]
[2024-07-10 13:59:37,392] {docker.py:308} INFO - [0m13:59:37  Required dependencies:
[2024-07-10 13:59:37,397] {docker.py:308} INFO - [0m13:59:37   - git [[32mOK found[0m]
[2024-07-10 13:59:37,398] {docker.py:308} INFO - [0m13:59:37  [31m1 check failed:[0m
[2024-07-10 13:59:37,398] {docker.py:308} INFO - [0m13:59:37  dbt looked for a profiles.yml file in /root/.dbt/profiles.yml, but did
not find one. For more information on configuring your profile, consult the
documentation:

https://docs.getdbt.com/docs/configure-your-profile
[2024-07-10 13:59:37,773] {taskinstance.py:1889} ERROR - Task failed with exception
Traceback (most recent call last):
  File "/home/airflow/.local/lib/python3.7/site-packages/airflow/providers/docker/operators/docker.py", line 387, in execute
    return self._run_image()
  File "/home/airflow/.local/lib/python3.7/site-packages/airflow/providers/docker/operators/docker.py", line 266, in _run_image
    return self._run_image_with_mounts(self.mounts, add_tmp_variable=False)
  File "/home/airflow/.local/lib/python3.7/site-packages/airflow/providers/docker/operators/docker.py", line 313, in _run_image_with_mounts
    raise AirflowException(f'Docker container failed: {repr(result)} lines {joined_log_lines}')
airflow.exceptions.AirflowException: Docker container failed: {'StatusCode': 1} lines 1 1 cd dbtlearn
[0m13:59:37  Running with dbt=1.5.0
[0m13:59:37  dbt version: 1.5.0
[0m13:59:37  python version: 3.7.3
[0m13:59:37  python path: /usr/bin/python3
[0m13:59:37  os info: Linux-6.6.31-linuxkit-x86_64-with-debian-10.13
[0m13:59:37  Using profiles.yml file at /root/.dbt/profiles.yml
[0m13:59:37  Using dbt_project.yml file at /usr/app/dbt_project.yml
[0m13:59:37  Configuration:
[0m13:59:37    profiles.yml file [[31mERROR not found[0m]
[0m13:59:37    dbt_project.yml file [[31mERROR not found[0m]
[0m13:59:37  Required dependencies:
[0m13:59:37   - git [[32mOK found[0m]
[0m13:59:37  [31m1 check failed:[0m
[0m13:59:37  dbt looked for a profiles.yml file in /root/.dbt/profiles.yml, but did
not find one. For more information on configuring your profile, consult the
documentation:

https://docs.getdbt.com/docs/configure-your-profile
[2024-07-10 13:59:37,776] {taskinstance.py:1400} INFO - Marking task as FAILED. dag_id=create_layers_in_snowflake, task_id=create_seeds, execution_date=20240710T135935, start_date=20240710T135935, end_date=20240710T135937
[2024-07-10 13:59:37,787] {standard_task_runner.py:97} ERROR - Failed to execute job 16 for task create_seeds (Docker container failed: {'StatusCode': 1} lines 1 1 cd dbtlearn
[0m13:59:37  Running with dbt=1.5.0
[0m13:59:37  dbt version: 1.5.0
[0m13:59:37  python version: 3.7.3
[0m13:59:37  python path: /usr/bin/python3
[0m13:59:37  os info: Linux-6.6.31-linuxkit-x86_64-with-debian-10.13
[0m13:59:37  Using profiles.yml file at /root/.dbt/profiles.yml
[0m13:59:37  Using dbt_project.yml file at /usr/app/dbt_project.yml
[0m13:59:37  Configuration:
[0m13:59:37    profiles.yml file [[31mERROR not found[0m]
[0m13:59:37    dbt_project.yml file [[31mERROR not found[0m]
[0m13:59:37  Required dependencies:
[0m13:59:37   - git [[32mOK found[0m]
[0m13:59:37  [31m1 check failed:[0m
[0m13:59:37  dbt looked for a profiles.yml file in /root/.dbt/profiles.yml, but did
not find one. For more information on configuring your profile, consult the
documentation:

https://docs.getdbt.com/docs/configure-your-profile; 942)
[2024-07-10 13:59:37,832] {local_task_job.py:156} INFO - Task exited with return code 1
[2024-07-10 13:59:37,873] {local_task_job.py:273} INFO - 0 downstream tasks scheduled from follow-on schedule check
