[2024-07-10 14:31:03,972] {taskinstance.py:1159} INFO - Dependencies all met for <TaskInstance: create_layers_in_snowflake.create_seeds manual__2024-07-10T14:31:03.218430+00:00 [queued]>
[2024-07-10 14:31:03,983] {taskinstance.py:1159} INFO - Dependencies all met for <TaskInstance: create_layers_in_snowflake.create_seeds manual__2024-07-10T14:31:03.218430+00:00 [queued]>
[2024-07-10 14:31:03,983] {taskinstance.py:1356} INFO - 
--------------------------------------------------------------------------------
[2024-07-10 14:31:03,983] {taskinstance.py:1357} INFO - Starting attempt 1 of 1
[2024-07-10 14:31:03,984] {taskinstance.py:1358} INFO - 
--------------------------------------------------------------------------------
[2024-07-10 14:31:03,998] {taskinstance.py:1377} INFO - Executing <Task(DockerOperator): create_seeds> on 2024-07-10 14:31:03.218430+00:00
[2024-07-10 14:31:04,001] {standard_task_runner.py:52} INFO - Started process 2442 to run task
[2024-07-10 14:31:04,005] {standard_task_runner.py:79} INFO - Running: ['***', 'tasks', 'run', 'create_layers_in_snowflake', 'create_seeds', 'manual__2024-07-10T14:31:03.218430+00:00', '--job-id', '23', '--raw', '--subdir', 'DAGS_FOLDER/create_layers.py', '--cfg-path', '/tmp/tmpylpd5lbe', '--error-file', '/tmp/tmpqd0fsj3g']
[2024-07-10 14:31:04,005] {standard_task_runner.py:80} INFO - Job 23: Subtask create_seeds
[2024-07-10 14:31:04,065] {task_command.py:369} INFO - Running <TaskInstance: create_layers_in_snowflake.create_seeds manual__2024-07-10T14:31:03.218430+00:00 [running]> on host bc9f9d1e47b7
[2024-07-10 14:31:04,139] {taskinstance.py:1571} INFO - Exporting the following env vars:
AIRFLOW_CTX_DAG_OWNER=***
AIRFLOW_CTX_DAG_ID=create_layers_in_snowflake
AIRFLOW_CTX_TASK_ID=create_seeds
AIRFLOW_CTX_EXECUTION_DATE=2024-07-10T14:31:03.218430+00:00
AIRFLOW_CTX_TRY_NUMBER=1
AIRFLOW_CTX_DAG_RUN_ID=manual__2024-07-10T14:31:03.218430+00:00
[2024-07-10 14:31:04,161] {docker.py:247} INFO - Starting docker container from image custom_dbt_image
[2024-07-10 14:31:04,274] {docker.py:308} INFO - dbtlearn
requirements.txt
[2024-07-10 14:31:06,367] {docker.py:308} INFO - [0m14:31:06  Running with dbt=1.5.0
[2024-07-10 14:31:06,730] {docker.py:308} INFO - [0m14:31:06  Found 9 models, 0 tests, 0 snapshots, 0 analyses, 321 macros, 0 operations, 1 seed file, 0 sources, 0 exposures, 0 metrics, 0 groups
[2024-07-10 14:31:06,732] {docker.py:308} INFO - [0m14:31:06
[2024-07-10 14:31:08,678] {docker.py:308} INFO - [0m14:31:08  Concurrency: 1 threads (target='dev')
[2024-07-10 14:31:08,679] {docker.py:308} INFO - [0m14:31:08
[2024-07-10 14:31:08,681] {docker.py:308} INFO - [0m14:31:08  1 of 1 START seed file DEV.full_moon_dates ..................................... [RUN]
[2024-07-10 14:31:08,731] {docker.py:308} INFO - [0m14:31:08  [31mUnhandled error while executing [0m
[Errno 2] No such file or directory: '/dbtlearn/seeds/full_moon_dates.csv'
[2024-07-10 14:31:08,739] {docker.py:308} INFO - [0m14:31:08  1 of 1 ERROR loading seed file DEV.full_moon_dates ............................. [[31mERROR[0m in 0.06s]
[2024-07-10 14:31:08,782] {docker.py:308} INFO - [0m14:31:08
[2024-07-10 14:31:08,783] {docker.py:308} INFO - [0m14:31:08  Finished running 1 seed in 0 hours 0 minutes and 2.05 seconds (2.05s).
[2024-07-10 14:31:08,791] {docker.py:308} INFO - [0m14:31:08
[2024-07-10 14:31:08,791] {docker.py:308} INFO - [0m14:31:08  [31mCompleted with 1 error and 0 warnings:[0m
[2024-07-10 14:31:08,792] {docker.py:308} INFO - [0m14:31:08
[2024-07-10 14:31:08,792] {docker.py:308} INFO - [0m14:31:08  [33m[Errno 2] No such file or directory: '/dbtlearn/seeds/full_moon_dates.csv'[0m
[2024-07-10 14:31:08,793] {docker.py:308} INFO - [0m14:31:08
[2024-07-10 14:31:08,793] {docker.py:308} INFO - [0m14:31:08  Done. PASS=0 WARN=0 ERROR=1 SKIP=0 TOTAL=1
[2024-07-10 14:31:09,978] {taskinstance.py:1889} ERROR - Task failed with exception
Traceback (most recent call last):
  File "/home/airflow/.local/lib/python3.7/site-packages/airflow/providers/docker/operators/docker.py", line 387, in execute
    return self._run_image()
  File "/home/airflow/.local/lib/python3.7/site-packages/airflow/providers/docker/operators/docker.py", line 266, in _run_image
    return self._run_image_with_mounts(self.mounts, add_tmp_variable=False)
  File "/home/airflow/.local/lib/python3.7/site-packages/airflow/providers/docker/operators/docker.py", line 313, in _run_image_with_mounts
    raise AirflowException(f'Docker container failed: {repr(result)} lines {joined_log_lines}')
airflow.exceptions.AirflowException: Docker container failed: {'StatusCode': 1} lines dbtlearn
requirements.txt
[0m14:31:06  Running with dbt=1.5.0
[0m14:31:06  Found 9 models, 0 tests, 0 snapshots, 0 analyses, 321 macros, 0 operations, 1 seed file, 0 sources, 0 exposures, 0 metrics, 0 groups
[0m14:31:06
[0m14:31:08  Concurrency: 1 threads (target='dev')
[0m14:31:08
[0m14:31:08  1 of 1 START seed file DEV.full_moon_dates ..................................... [RUN]
[0m14:31:08  [31mUnhandled error while executing [0m
[Errno 2] No such file or directory: '/dbtlearn/seeds/full_moon_dates.csv'
[0m14:31:08  1 of 1 ERROR loading seed file DEV.full_moon_dates ............................. [[31mERROR[0m in 0.06s]
[0m14:31:08
[0m14:31:08  Finished running 1 seed in 0 hours 0 minutes and 2.05 seconds (2.05s).
[0m14:31:08
[0m14:31:08  [31mCompleted with 1 error and 0 warnings:[0m
[0m14:31:08
[0m14:31:08  [33m[Errno 2] No such file or directory: '/dbtlearn/seeds/full_moon_dates.csv'[0m
[0m14:31:08
[0m14:31:08  Done. PASS=0 WARN=0 ERROR=1 SKIP=0 TOTAL=1
[2024-07-10 14:31:09,982] {taskinstance.py:1400} INFO - Marking task as FAILED. dag_id=create_layers_in_snowflake, task_id=create_seeds, execution_date=20240710T143103, start_date=20240710T143103, end_date=20240710T143109
[2024-07-10 14:31:09,994] {standard_task_runner.py:97} ERROR - Failed to execute job 23 for task create_seeds (Docker container failed: {'StatusCode': 1} lines dbtlearn
requirements.txt
[0m14:31:06  Running with dbt=1.5.0
[0m14:31:06  Found 9 models, 0 tests, 0 snapshots, 0 analyses, 321 macros, 0 operations, 1 seed file, 0 sources, 0 exposures, 0 metrics, 0 groups
[0m14:31:06
[0m14:31:08  Concurrency: 1 threads (target='dev')
[0m14:31:08
[0m14:31:08  1 of 1 START seed file DEV.full_moon_dates ..................................... [RUN]
[0m14:31:08  [31mUnhandled error while executing [0m
[Errno 2] No such file or directory: '/dbtlearn/seeds/full_moon_dates.csv'
[0m14:31:08  1 of 1 ERROR loading seed file DEV.full_moon_dates ............................. [[31mERROR[0m in 0.06s]
[0m14:31:08
[0m14:31:08  Finished running 1 seed in 0 hours 0 minutes and 2.05 seconds (2.05s).
[0m14:31:08
[0m14:31:08  [31mCompleted with 1 error and 0 warnings:[0m
[0m14:31:08
[0m14:31:08  [33m[Errno 2] No such file or directory: '/dbtlearn/seeds/full_moon_dates.csv'[0m
[0m14:31:08
[0m14:31:08  Done. PASS=0 WARN=0 ERROR=1 SKIP=0 TOTAL=1; 2442)
[2024-07-10 14:31:10,020] {local_task_job.py:156} INFO - Task exited with return code 1
[2024-07-10 14:31:10,061] {local_task_job.py:273} INFO - 0 downstream tasks scheduled from follow-on schedule check
